<?xml version="1.0" encoding="UTF-8"?>
<testsuite name="TestCommission" tests="1" skipped="0" failures="0" errors="0" timestamp="2023-11-16T21:24:59" hostname="Julias-MacBook-Air-4.local" time="0.134">
  <properties/>
  <testcase name="testGetCommissionEnterWhileLoop" classname="TestCommission" time="0.134">
    <system-err><![CDATA[Nov 16, 2023 4:24:59 PM CalculateCommission getCommission
INFO: Total sales: 2500.0
Nov 16, 2023 4:24:59 PM CalculateCommission getCommission
INFO: Commission is: $520.0
]]></system-err>
  </testcase>
  <system-out><![CDATA[]]></system-out>
  <system-err><![CDATA[]]></system-err>
</testsuite>
