<?xml version="1.0" encoding="UTF-8"?>
<testsuite name="TestCommission" tests="2" skipped="0" failures="0" errors="0" timestamp="2023-11-16T20:42:53" hostname="Julias-MacBook-Air-4.local" time="0.133">
  <properties/>
  <testcase name="testGetCommissionSkipWhileLoop" classname="TestCommission" time="0.107"/>
  <testcase name="testGetCommissionEnterWhileLoop" classname="TestCommission" time="0.026"/>
  <system-out><![CDATA[]]></system-out>
  <system-err><![CDATA[Nov 16, 2023 3:42:53 PM CalculateCommission getCommission
INFO: Total sales: 2500.0
Nov 16, 2023 3:42:54 PM CalculateCommission getCommission
INFO: Commission is: $520.0
]]></system-err>
</testsuite>
